
"Clean Up ..."
"初回実行時はエラーが発生しますが問題ありません。"
DROP USER demopl CASCADE
          *
行1でエラーが発生しました。:
ORA-01918: ユーザー'DEMOPL'は存在しません 



"demopl" User Creating...

ユーザーが作成されました。


権限付与が成功しました。


権限付与が成功しました。


権限付与が成功しました。


権限付与が成功しました。


"demopl" 's DATA Creating...
接続されました。

表が作成されました。


1行が作成されました。


1行が作成されました。


1行が作成されました。


1行が作成されました。


表が作成されました。


1行が作成されました。


1行が作成されました。


1行が作成されました。


1行が作成されました。


1行が作成されました。


1行が作成されました。


1行が作成されました。


1行が作成されました。


1行が作成されました。


1行が作成されました。


1行が作成されました。


1行が作成されました。


1行が作成されました。


1行が作成されました。


表が作成されました。


1行が作成されました。


1行が作成されました。


1行が作成されました。


1行が作成されました。


1行が作成されました。


表が作成されました。


順序が作成されました。


順序が作成されました。

